<?xml version="1.0" encoding="UTF-8"?>
<!-- Generated by org.testng.reporters.JUnitXMLReporter -->
<testsuite hostname="LAPTOP-7UJ0K33M" name="soundarTest" tests="1" failures="0" timestamp="19 Aug 2020 13:16:52 GMT" time="108.33" errors="0">
  <testcase name="@BeforeClass driver" time="0.0" classname="com.addcustomer.TeleComTestNG">
    <failure type="org.openqa.selenium.NoSuchFrameException" message="No frame element found by name or id flow_close_btn_iframe
Build info: version: &amp;apos;3.141.59&amp;apos;, revision: &amp;apos;e82be7d358&amp;apos;, time: &amp;apos;2018-11-14T08:25:53&amp;apos;
System info: host: &amp;apos;LAPTOP-7UJ0K33M&amp;apos;, ip: &amp;apos;192.168.43.204&amp;apos;, os.name: &amp;apos;Windows 10&amp;apos;, os.arch: &amp;apos;amd64&amp;apos;, os.version: &amp;apos;10.0&amp;apos;, java.version: &amp;apos;1.8.0_261&amp;apos;
Driver info: driver.version: unknown">
      <![CDATA[org.openqa.selenium.NoSuchFrameException: No frame element found by name or id flow_close_btn_iframe
Build info: version: '3.141.59', revision: 'e82be7d358', time: '2018-11-14T08:25:53'
System info: host: 'LAPTOP-7UJ0K33M', ip: '192.168.43.204', os.name: 'Windows 10', os.arch: 'amd64', os.version: '10.0', java.version: '1.8.0_261'
Driver info: driver.version: unknown
	at org.openqa.selenium.remote.RemoteWebDriver$RemoteTargetLocator.frame(RemoteWebDriver.java:885)
	at com.addcustomer.TeleComTestNG.handling(TeleComTestNG.java:39)
	at com.addcustomer.TeleComTestNG.driver(TeleComTestNG.java:20)
... Removed 24 stack frames]]>
    </failure>
  </testcase> <!-- @BeforeClass driver -->
  <testcase name="@AfterClass close" time="0.0" classname="com.addcustomer.TeleComTestNG">
    <skipped/>
  </testcase> <!-- @AfterClass close -->
  <testcase name="handling" time="0.0" classname="com.addcustomer.TeleComTestNG">
    <skipped/>
  </testcase> <!-- handling -->
</testsuite> <!-- soundarTest -->
